<?xml version="1.0" encoding="UTF-8"?>
<!-- Generated by org.testng.reporters.JUnitReportReporter -->
<testsuite name="AdvancedInstance.ScrollBar" tests="2" time="47.227" ignored="7" failures="0" timestamp="02 十一月 2017 07:34:29 GMT" skipped="0" hostname="N4A6CDPYHL8SNQG" errors="0">
  <testcase name="ScrollingByCoordinatesofApage" time="26.194" classname="AdvancedInstance.ScrollBar"/>
  <testcase name="ScrollingToBottomofApage" time="21.033" classname="AdvancedInstance.ScrollBar"/>
  <testcase name="setAttributeValue" classname="AdvancedInstance.setAttributePackage">
    <skipped/>
  </testcase> <!-- setAttributeValue -->
  <testcase name="upload" classname="AdvancedInstance.testUpLoad">
    <skipped/>
  </testcase> <!-- upload -->
  <testcase name="uploadA3x" classname="AdvancedInstance.testUpLoad">
    <skipped/>
  </testcase> <!-- uploadA3x -->
  <testcase name="DownLoadFileTest" classname="AdvancedInstance.DownLoadFile">
    <skipped/>
  </testcase> <!-- DownLoadFileTest -->
  <testcase name="testHandleiFrame" classname="AdvancedInstance.JavaScriptExecutor">
    <skipped/>
  </testcase> <!-- testHandleiFrame -->
  <testcase name="AJAXClickText" classname="AdvancedInstance.AJAXClick">
    <skipped/>
  </testcase> <!-- AJAXClickText -->
  <testcase name="otherMonths" classname="AdvancedInstance.SetDateInput">
    <skipped/>
  </testcase> <!-- otherMonths -->
</testsuite> <!-- AdvancedInstance.ScrollBar -->
