<?xml version="1.0" encoding="UTF-8"?>
<!-- Generated by org.testng.reporters.JUnitReportReporter -->
<testsuite name="TestWebDriver.AssertTest" tests="1" time="15.265" ignored="0" failures="0" timestamp="02 六月 2017 07:04:32 GMT" skipped="0" hostname="N4A6CDPYHL8SNQG" errors="0">
  <testcase name="testSogouSearch" time="15.265" classname="TestWebDriver.AssertTest"/>
</testsuite> <!-- TestWebDriver.AssertTest -->
