<?xml version="1.0" encoding="UTF-8"?>
<!-- Generated by org.testng.reporters.JUnitReportReporter -->
<testsuite name="PageElementLocalize.BrowerWebElement" tests="1" time="6.023" ignored="13" failures="1" timestamp="28 九月 2017 14:09:28 GMT" skipped="0" hostname="N4A6CDPYHL8SNQG" errors="0">
  <testcase name="XClick" time="6.023" classname="PageElementLocalize.BrowerWebElement">
    <failure type="java.lang.AssertionError" message="expected [改变啦!] but found [改变啦1!]">
      <![CDATA[java.lang.AssertionError: expected [改变啦!] but found [改变啦1!]
	at org.testng.Assert.fail(Assert.java:94)
	at org.testng.Assert.failNotEquals(Assert.java:513)
	at org.testng.Assert.assertEqualsImpl(Assert.java:135)
	at org.testng.Assert.assertEquals(Assert.java:116)
	at org.testng.Assert.assertEquals(Assert.java:190)
	at org.testng.Assert.assertEquals(Assert.java:200)
	at PageElementLocalize.BrowerWebElement.XClick(BrowerWebElement.java:159)
	at sun.reflect.NativeMethodAccessorImpl.invoke0(Native Method)
	at sun.reflect.NativeMethodAccessorImpl.invoke(NativeMethodAccessorImpl.java:62)
	at sun.reflect.DelegatingMethodAccessorImpl.invoke(DelegatingMethodAccessorImpl.java:43)
	at java.lang.reflect.Method.invoke(Method.java:498)
	at org.testng.internal.MethodInvocationHelper.invokeMethod(MethodInvocationHelper.java:104)
	at org.testng.internal.Invoker.invokeMethod(Invoker.java:645)
	at org.testng.internal.Invoker.invokeTestMethod(Invoker.java:851)
	at org.testng.internal.Invoker.invokeTestMethods(Invoker.java:1177)
	at org.testng.internal.TestMethodWorker.invokeTestMethods(TestMethodWorker.java:129)
	at org.testng.internal.TestMethodWorker.run(TestMethodWorker.java:112)
	at org.testng.TestRunner.privateRun(TestRunner.java:756)
	at org.testng.TestRunner.run(TestRunner.java:610)
	at org.testng.SuiteRunner.runTest(SuiteRunner.java:387)
	at org.testng.SuiteRunner.runSequentially(SuiteRunner.java:382)
	at org.testng.SuiteRunner.privateRun(SuiteRunner.java:340)
	at org.testng.SuiteRunner.run(SuiteRunner.java:289)
	at org.testng.SuiteRunnerWorker.runSuite(SuiteRunnerWorker.java:52)
	at org.testng.SuiteRunnerWorker.run(SuiteRunnerWorker.java:86)
	at org.testng.TestNG.runSuitesSequentially(TestNG.java:1293)
	at org.testng.TestNG.runSuitesLocally(TestNG.java:1218)
	at org.testng.TestNG.runSuites(TestNG.java:1133)
	at org.testng.TestNG.run(TestNG.java:1104)
	at org.testng.remote.AbstractRemoteTestNG.run(AbstractRemoteTestNG.java:114)
	at org.testng.remote.RemoteTestNG.initAndRun(RemoteTestNG.java:251)
	at org.testng.remote.RemoteTestNG.main(RemoteTestNG.java:77)
]]>
    </failure>
  </testcase> <!-- XClick -->
  <testcase name="TagByID" classname="PageElementLocalize.LocalizeByTag">
    <skipped/>
  </testcase> <!-- TagByID -->
  <testcase name="TagBypartialLinkText" classname="PageElementLocalize.LocalizeByTag">
    <skipped/>
  </testcase> <!-- TagBypartialLinkText -->
  <testcase name="TagByLinkText" classname="PageElementLocalize.LocalizeByTag">
    <skipped/>
  </testcase> <!-- TagByLinkText -->
  <testcase name="TagByName" classname="PageElementLocalize.LocalizeByTag">
    <skipped/>
  </testcase> <!-- TagByName -->
  <testcase name="TagByXPath" classname="PageElementLocalize.LocalizeByTag">
    <skipped/>
  </testcase> <!-- TagByXPath -->
  <testcase name="LocateTableTr" classname="PageElementLocalize.TableElement">
    <skipped/>
  </testcase> <!-- LocateTableTr -->
  <testcase name="LocateTableCheckBox" classname="PageElementLocalize.TableElement">
    <skipped/>
  </testcase> <!-- LocateTableCheckBox -->
  <testcase name="LocateTable" classname="PageElementLocalize.TableElement">
    <skipped/>
  </testcase> <!-- LocateTable -->
  <testcase name="Input" classname="PageElementLocalize.BrowerWebElement">
    <skipped/>
  </testcase> <!-- Input -->
  <testcase name="BrowerNavigate" classname="PageElementLocalize.BrowerWebElement">
    <skipped/>
  </testcase> <!-- BrowerNavigate -->
  <testcase name="operateBrower" classname="PageElementLocalize.BrowerWebElement">
    <skipped/>
  </testcase> <!-- operateBrower -->
  <testcase name="getWebMsg" classname="PageElementLocalize.BrowerWebElement">
    <skipped/>
  </testcase> <!-- getWebMsg -->
  <testcase name="JQueryLocalize" classname="PageElementLocalize.JQuery">
    <skipped/>
  </testcase> <!-- JQueryLocalize -->
</testsuite> <!-- PageElementLocalize.BrowerWebElement -->
