<?xml version="1.0" encoding="UTF-8"?>
<!-- Generated by org.testng.reporters.JUnitReportReporter -->
<testsuite name="TestWebDriver.BrowerTest" tests="1" time="0.012" ignored="0" failures="0" timestamp="07 十月 2017 04:58:33 GMT" skipped="0" hostname="2016-20160913UF" errors="0">
  <testcase name="test" time="0.012" classname="TestWebDriver.BrowerTest"/>
</testsuite> <!-- TestWebDriver.BrowerTest -->
