<?xml version="1.0" encoding="UTF-8"?>
<!-- Generated by org.testng.reporters.JUnitReportReporter -->
<testsuite name="AdvancedInstance.RobotTest" tests="1" time="15.363" ignored="10" failures="0" timestamp="02 十一月 2017 09:00:18 GMT" skipped="0" hostname="N4A6CDPYHL8SNQG" errors="0">
  <testcase name="Robot" time="15.363" classname="AdvancedInstance.RobotTest"/>
  <testcase name="setAttributeValue" classname="AdvancedInstance.setAttributePackage">
    <skipped/>
  </testcase> <!-- setAttributeValue -->
  <testcase name="upload" classname="AdvancedInstance.testUpLoad">
    <skipped/>
  </testcase> <!-- upload -->
  <testcase name="uploadA3x" classname="AdvancedInstance.testUpLoad">
    <skipped/>
  </testcase> <!-- uploadA3x -->
  <testcase name="DownLoadFileTest" classname="AdvancedInstance.DownLoadFile">
    <skipped/>
  </testcase> <!-- DownLoadFileTest -->
  <testcase name="testHandleiFrame" classname="AdvancedInstance.JavaScriptExecutor">
    <skipped/>
  </testcase> <!-- testHandleiFrame -->
  <testcase name="AJAXClickText" classname="AdvancedInstance.AJAXClick">
    <skipped/>
  </testcase> <!-- AJAXClickText -->
  <testcase name="otherMonths" classname="AdvancedInstance.SetDateInput">
    <skipped/>
  </testcase> <!-- otherMonths -->
  <testcase name="ScrollingToElementofApage" classname="AdvancedInstance.ScrollBar">
    <skipped/>
  </testcase> <!-- ScrollingToElementofApage -->
  <testcase name="ScrollingToBottomofApage" classname="AdvancedInstance.ScrollBar">
    <skipped/>
  </testcase> <!-- ScrollingToBottomofApage -->
  <testcase name="ScrollingByCoordinatesofApage" classname="AdvancedInstance.ScrollBar">
    <skipped/>
  </testcase> <!-- ScrollingByCoordinatesofApage -->
</testsuite> <!-- AdvancedInstance.RobotTest -->
