<?xml version="1.0" encoding="UTF-8"?>
<!-- Generated by org.testng.reporters.JUnitReportReporter -->
<testsuite name="AdvancedInstance.JavaScriptExecutor" tests="1" time="15.744" ignored="0" failures="0" timestamp="13 十月 2017 09:51:00 GMT" skipped="0" hostname="N4A6CDPYHL8SNQG" errors="0">
  <testcase name="testHandleiFrame" time="15.744" classname="AdvancedInstance.JavaScriptExecutor"/>
</testsuite> <!-- AdvancedInstance.JavaScriptExecutor -->
