<?xml version="1.0" encoding="UTF-8"?>
<!-- Generated by org.testng.reporters.JUnitReportReporter -->
<testsuite hostname="PC-20160807VZSU" name="TestNG.TestNG_Demo" tests="3" failures="0" timestamp="14 Apr 2017 04:40:40 GMT" time="0.025" errors="0">
  <testcase name="s" time="0.006" classname="TestNG.TestNG_Demo"/>
  <testcase name="s" time="0.015" classname="TestNG.TestNG_Demo"/>
  <testcase name="s" time="0.004" classname="TestNG.TestNG_Demo"/>
</testsuite> <!-- TestNG.TestNG_Demo -->
