<?xml version="1.0" encoding="UTF-8"?>
<!-- Generated by org.testng.reporters.JUnitReportReporter -->
<testsuite name="PageElementLocalize.BrowerWebElement" tests="1" time="13.017" ignored="26" failures="0" timestamp="08 十月 2017 10:08:25 GMT" skipped="0" hostname="2016-20160913UF" errors="0">
  <testcase name="mouseClickAndRelease" time="13.017" classname="PageElementLocalize.BrowerWebElement"/>
  <testcase name="LocateTableTr" classname="PageElementLocalize.TableElement">
    <skipped/>
  </testcase> <!-- LocateTableTr -->
  <testcase name="LocateTableCheckBox" classname="PageElementLocalize.TableElement">
    <skipped/>
  </testcase> <!-- LocateTableCheckBox -->
  <testcase name="LocateTable" classname="PageElementLocalize.TableElement">
    <skipped/>
  </testcase> <!-- LocateTable -->
  <testcase name="JQueryLocalize" classname="PageElementLocalize.JQuery">
    <skipped/>
  </testcase> <!-- JQueryLocalize -->
  <testcase name="TagByID" classname="PageElementLocalize.LocalizeByTag">
    <skipped/>
  </testcase> <!-- TagByID -->
  <testcase name="TagBypartialLinkText" classname="PageElementLocalize.LocalizeByTag">
    <skipped/>
  </testcase> <!-- TagBypartialLinkText -->
  <testcase name="TagByLinkText" classname="PageElementLocalize.LocalizeByTag">
    <skipped/>
  </testcase> <!-- TagByLinkText -->
  <testcase name="TagByName" classname="PageElementLocalize.LocalizeByTag">
    <skipped/>
  </testcase> <!-- TagByName -->
  <testcase name="TagByXPath" classname="PageElementLocalize.LocalizeByTag">
    <skipped/>
  </testcase> <!-- TagByXPath -->
  <testcase name="rightClickMouse" classname="PageElementLocalize.BrowerWebElement">
    <skipped/>
  </testcase> <!-- rightClickMouse -->
  <testcase name="roverOnElement" classname="PageElementLocalize.BrowerWebElement">
    <skipped/>
  </testcase> <!-- roverOnElement -->
  <testcase name="BrowerNavigate" classname="PageElementLocalize.BrowerWebElement">
    <skipped/>
  </testcase> <!-- BrowerNavigate -->
  <testcase name="dragPapeElement" classname="PageElementLocalize.BrowerWebElement">
    <skipped/>
  </testcase> <!-- dragPapeElement -->
  <testcase name="getWebMsg" classname="PageElementLocalize.BrowerWebElement">
    <skipped/>
  </testcase> <!-- getWebMsg -->
  <testcase name="operateRadio" classname="PageElementLocalize.BrowerWebElement">
    <skipped/>
  </testcase> <!-- operateRadio -->
  <testcase name="operateWindowsProcess" classname="PageElementLocalize.BrowerWebElement">
    <skipped/>
  </testcase> <!-- operateWindowsProcess -->
  <testcase name="clickKyes" classname="PageElementLocalize.BrowerWebElement">
    <skipped/>
  </testcase> <!-- clickKyes -->
  <testcase name="executeJavaScript" classname="PageElementLocalize.BrowerWebElement">
    <skipped/>
  </testcase> <!-- executeJavaScript -->
  <testcase name="checkSelectText" classname="PageElementLocalize.BrowerWebElement">
    <skipped/>
  </testcase> <!-- checkSelectText -->
  <testcase name="clearAndSendTextToInputBoxText" classname="PageElementLocalize.BrowerWebElement">
    <skipped/>
  </testcase> <!-- clearAndSendTextToInputBoxText -->
  <testcase name="XClick" classname="PageElementLocalize.BrowerWebElement">
    <skipped/>
  </testcase> <!-- XClick -->
  <testcase name="operateMultipleOptionDropList" classname="PageElementLocalize.BrowerWebElement">
    <skipped/>
  </testcase> <!-- operateMultipleOptionDropList -->
  <testcase name="operateCheckBox" classname="PageElementLocalize.BrowerWebElement">
    <skipped/>
  </testcase> <!-- operateCheckBox -->
  <testcase name="operateBrower" classname="PageElementLocalize.BrowerWebElement">
    <skipped/>
  </testcase> <!-- operateBrower -->
  <testcase name="captureScreenInCurrentWindow" classname="PageElementLocalize.BrowerWebElement">
    <skipped/>
  </testcase> <!-- captureScreenInCurrentWindow -->
  <testcase name="isElementTextPresent" classname="PageElementLocalize.BrowerWebElement">
    <skipped/>
  </testcase> <!-- isElementTextPresent -->
</testsuite> <!-- PageElementLocalize.BrowerWebElement -->
