<?xml version="1.0" encoding="UTF-8"?>
<!-- Generated by org.testng.reporters.JUnitReportReporter -->
<testsuite name="TestWebDriver.BrowerTest" tests="1" time="0.006" ignored="0" failures="0" timestamp="21 九月 2017 12:45:50 GMT" skipped="0" hostname="N4A6CDPYHL8SNQG" errors="0">
  <testcase name="test" time="0.006" classname="TestWebDriver.BrowerTest"/>
</testsuite> <!-- TestWebDriver.BrowerTest -->
