<?xml version="1.0" encoding="UTF-8"?>
<!-- Generated by org.testng.reporters.JUnitReportReporter -->
<testsuite name="PageElementLocalize.Navigate" tests="1" time="12.335" ignored="12" failures="0" timestamp="22 九月 2017 09:29:00 GMT" skipped="0" hostname="N4A6CDPYHL8SNQG" errors="0">
  <testcase name="HTMLTag" time="12.335" classname="PageElementLocalize.Navigate"/>
  <testcase name="BrowerNavigate" classname="PageElementLocalize.Navigate">
    <skipped/>
  </testcase> <!-- BrowerNavigate -->
  <testcase name="operateBrower" classname="PageElementLocalize.Navigate">
    <skipped/>
  </testcase> <!-- operateBrower -->
  <testcase name="getWebMsg" classname="PageElementLocalize.Navigate">
    <skipped/>
  </testcase> <!-- getWebMsg -->
  <testcase name="JQueryLocalize" classname="PageElementLocalize.JQuery">
    <skipped/>
  </testcase> <!-- JQueryLocalize -->
  <testcase name="LocateTableTr" classname="PageElementLocalize.TableElement">
    <skipped/>
  </testcase> <!-- LocateTableTr -->
  <testcase name="LocateTableCheckBox" classname="PageElementLocalize.TableElement">
    <skipped/>
  </testcase> <!-- LocateTableCheckBox -->
  <testcase name="LocateTable" classname="PageElementLocalize.TableElement">
    <skipped/>
  </testcase> <!-- LocateTable -->
  <testcase name="TagByID" classname="PageElementLocalize.LocalizeByTag">
    <skipped/>
  </testcase> <!-- TagByID -->
  <testcase name="TagBypartialLinkText" classname="PageElementLocalize.LocalizeByTag">
    <skipped/>
  </testcase> <!-- TagBypartialLinkText -->
  <testcase name="TagByLinkText" classname="PageElementLocalize.LocalizeByTag">
    <skipped/>
  </testcase> <!-- TagByLinkText -->
  <testcase name="TagByName" classname="PageElementLocalize.LocalizeByTag">
    <skipped/>
  </testcase> <!-- TagByName -->
  <testcase name="TagByXPath" classname="PageElementLocalize.LocalizeByTag">
    <skipped/>
  </testcase> <!-- TagByXPath -->
</testsuite> <!-- PageElementLocalize.Navigate -->
