<?xml version="1.0" encoding="UTF-8"?>
<!-- Generated by org.testng.reporters.JUnitReportReporter -->
<testsuite name="AdvancedInstance.AJAXClick" tests="1" time="9.506" ignored="1" failures="0" timestamp="16 十月 2017 11:50:13 GMT" skipped="0" hostname="N4A6CDPYHL8SNQG" errors="0">
  <testcase name="AJAXClickText" time="9.506" classname="AdvancedInstance.AJAXClick"/>
  <testcase name="testHandleiFrame" classname="AdvancedInstance.JavaScriptExecutor">
    <skipped/>
  </testcase> <!-- testHandleiFrame -->
</testsuite> <!-- AdvancedInstance.AJAXClick -->
