<?xml version="1.0" encoding="UTF-8"?>
<!-- Generated by org.testng.reporters.JUnitReportReporter -->
<testsuite name="AdvancedInstance.setAttributePackage" tests="1" time="8.683" ignored="2" failures="0" timestamp="17 十月 2017 11:34:30 GMT" skipped="0" hostname="N4A6CDPYHL8SNQG" errors="0">
  <testcase name="setAttributeValue" time="8.683" classname="AdvancedInstance.setAttributePackage"/>
  <testcase name="testHandleiFrame" classname="AdvancedInstance.JavaScriptExecutor">
    <skipped/>
  </testcase> <!-- testHandleiFrame -->
  <testcase name="AJAXClickText" classname="AdvancedInstance.AJAXClick">
    <skipped/>
  </testcase> <!-- AJAXClickText -->
</testsuite> <!-- AdvancedInstance.setAttributePackage -->
