<?xml version="1.0" encoding="UTF-8"?>
<!-- Generated by org.testng.reporters.JUnitReportReporter -->
<testsuite name="AdvancedInstance.SetDateInput" tests="1" time="6.678" ignored="3" failures="0" timestamp="18 十月 2017 01:35:02 GMT" skipped="0" hostname="N4A6CDPYHL8SNQG" errors="0">
  <testcase name="otherMonths" time="6.678" classname="AdvancedInstance.SetDateInput"/>
  <testcase name="setAttributeValue" classname="AdvancedInstance.setAttributePackage">
    <skipped/>
  </testcase> <!-- setAttributeValue -->
  <testcase name="testHandleiFrame" classname="AdvancedInstance.JavaScriptExecutor">
    <skipped/>
  </testcase> <!-- testHandleiFrame -->
  <testcase name="AJAXClickText" classname="AdvancedInstance.AJAXClick">
    <skipped/>
  </testcase> <!-- AJAXClickText -->
</testsuite> <!-- AdvancedInstance.SetDateInput -->
