<?xml version="1.0" encoding="UTF-8"?>
<!-- Generated by org.testng.reporters.JUnitReportReporter -->
<testsuite hostname="PC-20160807VZSU" name="TestNG.TestNG_Demo2" tests="1" failures="0" timestamp="19 Apr 2017 04:10:54 GMT" time="0.005" errors="0">
  <testcase name="test5" time="0.005" classname="TestNG.TestNG_Demo2"/>
</testsuite> <!-- TestNG.TestNG_Demo2 -->
