<?xml version="1.0" encoding="UTF-8"?>
<!-- Generated by org.testng.reporters.JUnitReportReporter -->
<testsuite hostname="PC-20160807VZSU" name="TestNG.TestNG_Demo1" tests="2" failures="0" timestamp="19 Apr 2017 04:10:54 GMT" time="0.018" errors="0">
  <testcase name="test2" time="0.015" classname="TestNG.TestNG_Demo1"/>
  <testcase name="test1" time="0.003" classname="TestNG.TestNG_Demo1"/>
</testsuite> <!-- TestNG.TestNG_Demo1 -->
