<?xml version="1.0" encoding="UTF-8"?>
<!-- Generated by org.testng.reporters.JUnitReportReporter -->
<testsuite name="AdvancedInstance.testUpLoad" tests="1" time="9.762" ignored="6" failures="0" timestamp="01 十一月 2017 09:44:14 GMT" skipped="0" hostname="N4A6CDPYHL8SNQG" errors="0">
  <testcase name="upload" time="9.762" classname="AdvancedInstance.testUpLoad"/>
  <testcase name="setAttributeValue" classname="AdvancedInstance.setAttributePackage">
    <skipped/>
  </testcase> <!-- setAttributeValue -->
  <testcase name="uploadA3x" classname="AdvancedInstance.testUpLoad">
    <skipped/>
  </testcase> <!-- uploadA3x -->
  <testcase name="DownLoadFileTest" classname="AdvancedInstance.DownLoadFile">
    <skipped/>
  </testcase> <!-- DownLoadFileTest -->
  <testcase name="testHandleiFrame" classname="AdvancedInstance.JavaScriptExecutor">
    <skipped/>
  </testcase> <!-- testHandleiFrame -->
  <testcase name="AJAXClickText" classname="AdvancedInstance.AJAXClick">
    <skipped/>
  </testcase> <!-- AJAXClickText -->
  <testcase name="otherMonths" classname="AdvancedInstance.SetDateInput">
    <skipped/>
  </testcase> <!-- otherMonths -->
</testsuite> <!-- AdvancedInstance.testUpLoad -->
