<?xml version="1.0" encoding="UTF-8"?>
<!-- Generated by org.testng.reporters.JUnitReportReporter -->
<testsuite name="AdvancedInstance.ObjectMapTest" tests="1" time="27.335" ignored="11" failures="0" timestamp="28 十二月 2017 06:02:42 GMT" skipped="0" hostname="N4A6CDPYHL8SNQG" errors="0">
  <testcase name="testObjectMap" time="27.335" classname="AdvancedInstance.ObjectMapTest"/>
  <testcase name="setAttributeValue" classname="AdvancedInstance.setAttributePackage">
    <skipped/>
  </testcase> <!-- setAttributeValue -->
  <testcase name="Robot" classname="AdvancedInstance.RobotTest">
    <skipped/>
  </testcase> <!-- Robot -->
  <testcase name="upload" classname="AdvancedInstance.testUpLoad">
    <skipped/>
  </testcase> <!-- upload -->
  <testcase name="uploadA3x" classname="AdvancedInstance.testUpLoad">
    <skipped/>
  </testcase> <!-- uploadA3x -->
  <testcase name="DownLoadFileTest" classname="AdvancedInstance.DownLoadFile">
    <skipped/>
  </testcase> <!-- DownLoadFileTest -->
  <testcase name="testHandleiFrame" classname="AdvancedInstance.JavaScriptExecutor">
    <skipped/>
  </testcase> <!-- testHandleiFrame -->
  <testcase name="AJAXClickText" classname="AdvancedInstance.AJAXClick">
    <skipped/>
  </testcase> <!-- AJAXClickText -->
  <testcase name="otherMonths" classname="AdvancedInstance.SetDateInput">
    <skipped/>
  </testcase> <!-- otherMonths -->
  <testcase name="ScrollingToElementofApage" classname="AdvancedInstance.ScrollBar">
    <skipped/>
  </testcase> <!-- ScrollingToElementofApage -->
  <testcase name="ScrollingToBottomofApage" classname="AdvancedInstance.ScrollBar">
    <skipped/>
  </testcase> <!-- ScrollingToBottomofApage -->
  <testcase name="ScrollingByCoordinatesofApage" classname="AdvancedInstance.ScrollBar">
    <skipped/>
  </testcase> <!-- ScrollingByCoordinatesofApage -->
</testsuite> <!-- AdvancedInstance.ObjectMapTest -->
