<?xml version="1.0" encoding="UTF-8"?>
<!-- Generated by org.testng.reporters.JUnitReportReporter -->
<testsuite name="PageElementLocalize.JQuery" tests="1" time="10.669" ignored="0" failures="0" timestamp="21 九月 2017 08:03:41 GMT" skipped="0" hostname="N4A6CDPYHL8SNQG" errors="0">
  <testcase name="JQueryLocalize" time="10.669" classname="PageElementLocalize.JQuery"/>
</testsuite> <!-- PageElementLocalize.JQuery -->
