<?xml version="1.0" encoding="UTF-8"?>
<!-- Generated by org.testng.reporters.JUnitReportReporter -->
<testsuite name="PageElementLocalize.BrowerWebElement" tests="1" time="15.226" ignored="41" failures="0" timestamp="02 十一月 2017 08:58:59 GMT" skipped="0" hostname="N4A6CDPYHL8SNQG" errors="0">
  <testcase name="getWebMsg" time="15.226" classname="PageElementLocalize.BrowerWebElement"/>
  <testcase name="LocateTableTr" classname="PageElementLocalize.TableElement">
    <skipped/>
  </testcase> <!-- LocateTableTr -->
  <testcase name="LocateTableCheckBox" classname="PageElementLocalize.TableElement">
    <skipped/>
  </testcase> <!-- LocateTableCheckBox -->
  <testcase name="LocateTable" classname="PageElementLocalize.TableElement">
    <skipped/>
  </testcase> <!-- LocateTable -->
  <testcase name="TagByID" classname="PageElementLocalize.LocalizeByTag">
    <skipped/>
  </testcase> <!-- TagByID -->
  <testcase name="TagBypartialLinkText" classname="PageElementLocalize.LocalizeByTag">
    <skipped/>
  </testcase> <!-- TagBypartialLinkText -->
  <testcase name="TagByLinkText" classname="PageElementLocalize.LocalizeByTag">
    <skipped/>
  </testcase> <!-- TagByLinkText -->
  <testcase name="TagByName" classname="PageElementLocalize.LocalizeByTag">
    <skipped/>
  </testcase> <!-- TagByName -->
  <testcase name="TagByXPath" classname="PageElementLocalize.LocalizeByTag">
    <skipped/>
  </testcase> <!-- TagByXPath -->
  <testcase name="JQueryLocalize" classname="PageElementLocalize.JQuery">
    <skipped/>
  </testcase> <!-- JQueryLocalize -->
  <testcase name="roverOnElement" classname="PageElementLocalize.BrowerWebElement">
    <skipped/>
  </testcase> <!-- roverOnElement -->
  <testcase name="testExplicitWaitZIDINGYI" classname="PageElementLocalize.BrowerWebElement">
    <skipped/>
  </testcase> <!-- testExplicitWaitZIDINGYI -->
  <testcase name="BrowerNavigate" classname="PageElementLocalize.BrowerWebElement">
    <skipped/>
  </testcase> <!-- BrowerNavigate -->
  <testcase name="dragPapeElement" classname="PageElementLocalize.BrowerWebElement">
    <skipped/>
  </testcase> <!-- dragPapeElement -->
  <testcase name="testExplicitWait" classname="PageElementLocalize.BrowerWebElement">
    <skipped/>
  </testcase> <!-- testExplicitWait -->
  <testcase name="testHandleAlert" classname="PageElementLocalize.BrowerWebElement">
    <skipped/>
  </testcase> <!-- testHandleAlert -->
  <testcase name="testHandleFrame" classname="PageElementLocalize.BrowerWebElement">
    <skipped/>
  </testcase> <!-- testHandleFrame -->
  <testcase name="mouseClickAndRelease" classname="PageElementLocalize.BrowerWebElement">
    <skipped/>
  </testcase> <!-- mouseClickAndRelease -->
  <testcase name="identifyPopUpWindowByTitle" classname="PageElementLocalize.BrowerWebElement">
    <skipped/>
  </testcase> <!-- identifyPopUpWindowByTitle -->
  <testcase name="operateRadio" classname="PageElementLocalize.BrowerWebElement">
    <skipped/>
  </testcase> <!-- operateRadio -->
  <testcase name="operateWindowsProcess" classname="PageElementLocalize.BrowerWebElement">
    <skipped/>
  </testcase> <!-- operateWindowsProcess -->
  <testcase name="testHandleFrameByPageSource" classname="PageElementLocalize.BrowerWebElement">
    <skipped/>
  </testcase> <!-- testHandleFrameByPageSource -->
  <testcase name="executeJavaScript" classname="PageElementLocalize.BrowerWebElement">
    <skipped/>
  </testcase> <!-- executeJavaScript -->
  <testcase name="testHandlePrompt" classname="PageElementLocalize.BrowerWebElement">
    <skipped/>
  </testcase> <!-- testHandlePrompt -->
  <testcase name="getWebElementCssAttribute" classname="PageElementLocalize.BrowerWebElement">
    <skipped/>
  </testcase> <!-- getWebElementCssAttribute -->
  <testcase name="checkSelectText" classname="PageElementLocalize.BrowerWebElement">
    <skipped/>
  </testcase> <!-- checkSelectText -->
  <testcase name="testHandleIFrame" classname="PageElementLocalize.BrowerWebElement">
    <skipped/>
  </testcase> <!-- testHandleIFrame -->
  <testcase name="operateMultipleOptionDropList" classname="PageElementLocalize.BrowerWebElement">
    <skipped/>
  </testcase> <!-- operateMultipleOptionDropList -->
  <testcase name="getWebElementAttribute" classname="PageElementLocalize.BrowerWebElement">
    <skipped/>
  </testcase> <!-- getWebElementAttribute -->
  <testcase name="identifyPopUpWindowByPageSource" classname="PageElementLocalize.BrowerWebElement">
    <skipped/>
  </testcase> <!-- identifyPopUpWindowByPageSource -->
  <testcase name="testIframe" classname="PageElementLocalize.BrowerWebElement">
    <skipped/>
  </testcase> <!-- testIframe -->
  <testcase name="testCookie" classname="PageElementLocalize.BrowerWebElement">
    <skipped/>
  </testcase> <!-- testCookie -->
  <testcase name="captureScreenInCurrentWindow" classname="PageElementLocalize.BrowerWebElement">
    <skipped/>
  </testcase> <!-- captureScreenInCurrentWindow -->
  <testcase name="isElementTextPresent" classname="PageElementLocalize.BrowerWebElement">
    <skipped/>
  </testcase> <!-- isElementTextPresent -->
  <testcase name="rightClickMouse" classname="PageElementLocalize.BrowerWebElement">
    <skipped/>
  </testcase> <!-- rightClickMouse -->
  <testcase name="clickKyes" classname="PageElementLocalize.BrowerWebElement">
    <skipped/>
  </testcase> <!-- clickKyes -->
  <testcase name="clearAndSendTextToInputBoxText" classname="PageElementLocalize.BrowerWebElement">
    <skipped/>
  </testcase> <!-- clearAndSendTextToInputBoxText -->
  <testcase name="XClick" classname="PageElementLocalize.BrowerWebElement">
    <skipped/>
  </testcase> <!-- XClick -->
  <testcase name="operateCheckBox" classname="PageElementLocalize.BrowerWebElement">
    <skipped/>
  </testcase> <!-- operateCheckBox -->
  <testcase name="operateBrower" classname="PageElementLocalize.BrowerWebElement">
    <skipped/>
  </testcase> <!-- operateBrower -->
  <testcase name="testImpilicWait" classname="PageElementLocalize.BrowerWebElement">
    <skipped/>
  </testcase> <!-- testImpilicWait -->
  <testcase name="TestIsElementPresent" classname="PageElementLocalize.BrowerWebElement">
    <skipped/>
  </testcase> <!-- TestIsElementPresent -->
</testsuite> <!-- PageElementLocalize.BrowerWebElement -->
