<?xml version="1.0" encoding="UTF-8"?>
<!-- Generated by org.testng.reporters.JUnitReportReporter -->
<testsuite name="PageElementLocalize.BrowerWebElement" tests="1" time="9.223" ignored="17" failures="0" timestamp="03 十月 2017 14:27:18 GMT" skipped="0" hostname="2016-20160913UF" errors="0">
  <testcase name="Input" time="9.223" classname="PageElementLocalize.BrowerWebElement"/>
  <testcase name="LocateTableTr" classname="PageElementLocalize.TableElement">
    <skipped/>
  </testcase> <!-- LocateTableTr -->
  <testcase name="LocateTableCheckBox" classname="PageElementLocalize.TableElement">
    <skipped/>
  </testcase> <!-- LocateTableCheckBox -->
  <testcase name="LocateTable" classname="PageElementLocalize.TableElement">
    <skipped/>
  </testcase> <!-- LocateTable -->
  <testcase name="JQueryLocalize" classname="PageElementLocalize.JQuery">
    <skipped/>
  </testcase> <!-- JQueryLocalize -->
  <testcase name="TagByID" classname="PageElementLocalize.LocalizeByTag">
    <skipped/>
  </testcase> <!-- TagByID -->
  <testcase name="TagBypartialLinkText" classname="PageElementLocalize.LocalizeByTag">
    <skipped/>
  </testcase> <!-- TagBypartialLinkText -->
  <testcase name="TagByLinkText" classname="PageElementLocalize.LocalizeByTag">
    <skipped/>
  </testcase> <!-- TagByLinkText -->
  <testcase name="TagByName" classname="PageElementLocalize.LocalizeByTag">
    <skipped/>
  </testcase> <!-- TagByName -->
  <testcase name="TagByXPath" classname="PageElementLocalize.LocalizeByTag">
    <skipped/>
  </testcase> <!-- TagByXPath -->
  <testcase name="Select_2" classname="PageElementLocalize.BrowerWebElement">
    <skipped/>
  </testcase> <!-- Select_2 -->
  <testcase name="XClick" classname="PageElementLocalize.BrowerWebElement">
    <skipped/>
  </testcase> <!-- XClick -->
  <testcase name="Select_1" classname="PageElementLocalize.BrowerWebElement">
    <skipped/>
  </testcase> <!-- Select_1 -->
  <testcase name="BrowerNavigate" classname="PageElementLocalize.BrowerWebElement">
    <skipped/>
  </testcase> <!-- BrowerNavigate -->
  <testcase name="operateBrower" classname="PageElementLocalize.BrowerWebElement">
    <skipped/>
  </testcase> <!-- operateBrower -->
  <testcase name="getWebMsg" classname="PageElementLocalize.BrowerWebElement">
    <skipped/>
  </testcase> <!-- getWebMsg -->
  <testcase name="Select_4" classname="PageElementLocalize.BrowerWebElement">
    <skipped/>
  </testcase> <!-- Select_4 -->
  <testcase name="Select_3" classname="PageElementLocalize.BrowerWebElement">
    <skipped/>
  </testcase> <!-- Select_3 -->
</testsuite> <!-- PageElementLocalize.BrowerWebElement -->
