<?xml version="1.0" encoding="UTF-8"?>
<!-- Generated by org.testng.reporters.JUnitReportReporter -->
<testsuite name="PageElementLocalize.TableElement" tests="1" time="6.454" ignored="8" failures="0" timestamp="21 九月 2017 12:56:33 GMT" skipped="0" hostname="N4A6CDPYHL8SNQG" errors="0">
  <testcase name="LocateTableCheckBox" time="6.454" classname="PageElementLocalize.TableElement"/>
  <testcase name="JQueryLocalize" classname="PageElementLocalize.JQuery">
    <skipped/>
  </testcase> <!-- JQueryLocalize -->
  <testcase name="LocateTableTr" classname="PageElementLocalize.TableElement">
    <skipped/>
  </testcase> <!-- LocateTableTr -->
  <testcase name="LocateTable" classname="PageElementLocalize.TableElement">
    <skipped/>
  </testcase> <!-- LocateTable -->
  <testcase name="TagByID" classname="PageElementLocalize.LocalizeByTag">
    <skipped/>
  </testcase> <!-- TagByID -->
  <testcase name="TagBypartialLinkText" classname="PageElementLocalize.LocalizeByTag">
    <skipped/>
  </testcase> <!-- TagBypartialLinkText -->
  <testcase name="TagByLinkText" classname="PageElementLocalize.LocalizeByTag">
    <skipped/>
  </testcase> <!-- TagByLinkText -->
  <testcase name="TagByName" classname="PageElementLocalize.LocalizeByTag">
    <skipped/>
  </testcase> <!-- TagByName -->
  <testcase name="TagByXPath" classname="PageElementLocalize.LocalizeByTag">
    <skipped/>
  </testcase> <!-- TagByXPath -->
</testsuite> <!-- PageElementLocalize.TableElement -->
