<?xml version="1.0" encoding="UTF-8"?>
<!-- Generated by org.testng.reporters.JUnitReportReporter -->
<testsuite name="PageElementLocalize.LocalizeByTag" tests="1" time="8.718" ignored="4" failures="0" timestamp="20 九月 2017 11:19:28 GMT" skipped="0" hostname="N4A6CDPYHL8SNQG" errors="0">
  <testcase name="TagByXPath" time="8.718" classname="PageElementLocalize.LocalizeByTag"/>
  <testcase name="TagByID" classname="PageElementLocalize.LocalizeByTag">
    <skipped/>
  </testcase> <!-- TagByID -->
  <testcase name="TagBypartialLinkText" classname="PageElementLocalize.LocalizeByTag">
    <skipped/>
  </testcase> <!-- TagBypartialLinkText -->
  <testcase name="TagByLinkText" classname="PageElementLocalize.LocalizeByTag">
    <skipped/>
  </testcase> <!-- TagByLinkText -->
  <testcase name="TagByName" classname="PageElementLocalize.LocalizeByTag">
    <skipped/>
  </testcase> <!-- TagByName -->
</testsuite> <!-- PageElementLocalize.LocalizeByTag -->
